--- Copying files at Wed Jun 12 22:29:58 UTC 2019
--- Copying files at Wed Jun 12 22:52:38 UTC 2019
--- Copying files at Thu Jun 13 22:58:46 UTC 2019
--- Copying files at Fri Jun 14 03:22:53 UTC 2019
--- Copying files at Fri Jun 14 20:13:34 UTC 2019
--- Copying files at Fri Jun 14 23:11:31 UTC 2019
--- Copying files at Fri Jun 14 23:28:20 UTC 2019
--- Copying files at Fri Jun 14 23:42:17 UTC 2019
--- Copying files at Mon Jun 17 00:17:43 UTC 2019
--- Copying files at Mon Jun 17 19:50:22 UTC 2019
--- Copying files at Mon Jun 17 19:51:06 UTC 2019
--- Copying files at Wed Jun 19 00:06:04 UTC 2019
--- Copying files at Wed Jun 19 00:18:32 UTC 2019
--- Copying files at Thu Jun 27 15:18:00 UTC 2019
--- Copying files at Thu Jun 27 19:58:58 UTC 2019
--- Copying files at Wed Jul  3 00:33:48 UTC 2019
--- Copying files at Wed Jul  3 16:41:07 UTC 2019
--- Copying files at Wed Jul  3 17:47:01 UTC 2019
--- Copying files at Wed Jul  3 18:04:35 UTC 2019
--- Copying files at Wed Jul  3 18:57:09 UTC 2019
--- Copying files at Wed Jul  3 19:03:20 UTC 2019
--- Copying files at Sat Jul 27 00:58:57 UTC 2019
--- Copying files at Sun Jul 28 04:35:32 UTC 2019
--- Copying files at Sun Jul 28 04:36:13 UTC 2019
--- Copying files at Sun Jul 28 04:36:27 UTC 2019
--- Copying files at Tue Jul 30 00:40:25 UTC 2019
--- Copying files at Tue Jul 30 01:18:56 UTC 2019
--- Copying files at Tue Jul 30 17:04:49 UTC 2019
--- Copying files at Tue Jul 30 18:46:23 UTC 2019
--- Copying files at Tue Jul 30 18:49:46 UTC 2019
--- Copying files at Tue Jul 30 18:52:01 UTC 2019
--- Copying files at Tue Jul 30 18:55:43 UTC 2019
--- Copying files at Tue Jul 30 22:58:29 UTC 2019
--- Copying files at Tue Jul 30 23:38:14 UTC 2019
--- Copying files at Tue Jul 30 23:39:32 UTC 2019
--- Copying files at Wed Jul 31 00:49:13 UTC 2019
